Added Component: Designator=U3(ADI-CC-16-3_N)
Add component (AddParameter): Name = "# of Axes"; Value = "3"; VariantName = "[No Variations]"
Add component (AddParameter): Name = "-3dB Bandwidth"; Value = "1.6 KHz"; VariantName = "[No Variations]"
Add component (AddParameter): Name = "ComponentLink1Description"; Value = "Manufacturer URL"; VariantName = "[No Variations]"
Add component (AddParameter): Name = "ComponentLink1URL"; Value = "http://www.analog.com/en/index.html"; VariantName = "[No Variations]"
Add component (AddParameter): Name = "ComponentLink2Description"; Value = "Datasheet"; VariantName = "[No Variations]"
Add component (AddParameter): Name = "ComponentLink2URL"; Value = "http://www.analog.com/static/imported-files/data_sheets/ADXL346.pdf"; VariantName = "[No Variations]"
Add component (AddParameter): Name = "ComponentLink3Description"; Value = "Package Specification"; VariantName = "[No Variations]"
Add component (AddParameter): Name = "ComponentLink3URL"; Value = "http:/www.analog.com/static/imported-files/packages/PKG_PDF/LGA(CC)/CC_16_3.pdf"; VariantName = "[No Variations]"
Add component (AddParameter): Name = "ComponentLink4Description"; Value = "Product URL"; VariantName = "[No Variations]"
Add component (AddParameter): Name = "ComponentLink4URL"; Value = "http://www.analog.com/en/mems-sensors/mems-inertial-sensors/adxl346/products/product.html"; VariantName = "[No Variations]"
Add component (AddParameter): Name = "DatasheetVersion"; Value = "Rev. B"; VariantName = "[No Variations]"
Add component (AddParameter): Name = "Manufacturer"; Value = "Analog Devices"; VariantName = "[No Variations]"
Add component (AddParameter): Name = "Mounting Technology"; Value = "Surface Mount"; VariantName = "[No Variations]"
Add component (AddParameter): Name = "Output Type"; Value = "Digital"; VariantName = "[No Variations]"
Add component (AddParameter): Name = "PackageDescription"; Value = "16-Pin Land Grid Array, 3 x 3 mm Body, 0.5 mm Pitch"; VariantName = "[No Variations]"
Add component (AddParameter): Name = "PackageReference"; Value = "CC-16-3"; VariantName = "[No Variations]"
Add component (AddParameter): Name = "PackageVersion"; Value = "07-30-2012-B, 07/2012"; VariantName = "[No Variations]"
Add component (AddParameter): Name = "Packing"; Value = "Reel"; VariantName = "[No Variations]"
Add component (AddParameter): Name = "PartNumber"; Value = "ADXL346ACCZ-RL"; VariantName = "[No Variations]"
Add component (AddParameter): Name = "Sensitivity"; Value = "256/128/64/32 LSB/g"; VariantName = "[No Variations]"
Add component (AddParameter): Name = "Supplier 1"; Value = "Digi-Key"; VariantName = "[No Variations]"
Add component (AddParameter): Name = "Supplier 2"; Value = "Newark"; VariantName = "[No Variations]"
Add component (AddParameter): Name = "Supplier 3"; Value = "Mouser"; VariantName = "[No Variations]"
Add component (AddParameter): Name = "Supplier Part Number 1"; Value = "ADXL346ACCZ-RL-ND"; VariantName = "[No Variations]"
Add component (AddParameter): Name = "Supplier Part Number 2"; Value = "74R5959"; VariantName = "[No Variations]"
Add component (AddParameter): Name = "Supplier Part Number 3"; Value = "584-ADXL346ACCZ-R"; VariantName = "[No Variations]"
Add component (AddParameter): Name = "Supply Current"; Value = "140 uA"; VariantName = "[No Variations]"
Add component (AddParameter): Name = "Voltage Supply (V)"; Value = "1.7 to 2.75"; VariantName = "[No Variations]"
Added Pin To Net: NetName=1V8 Pin=U3-1
Added Pin To Net: NetName=SCL Pin=U3-4
Added Pin To Net: NetName=SDA Pin=U3-6
Added Pin To Net: NetName=GND Pin=U3-7
Added Pin To Net: NetName=1V8 Pin=U3-8
Added Pin To Net: NetName=GND Pin=U3-12
Added Pin To Net: NetName=GND Pin=U3-13
Added Pin To Net: NetName=GND Pin=U3-14
Added Pin To Net: NetName=GND Pin=U3-16
Added Pin To Net: NetName=ADXL_INT Pin=U2-31
Added Pin To Net: NetName=ADXL_INT Pin=U3-11
Added Net: Name=ADXL_INT
Added Member To Class: ClassName=Power Member=Component B1 2450 Cell Holder
Added Member To Class: ClassName=Light Sensor Prototype Member=Component U3 ADXL346ACCZ-RL
Added Room: Name=Light Sensor Prototype
Added Room: Name=Power
