Added Component: Designator=J(TE_1-2295018-2)
Add component (AddParameter): Name = "Availability"; Value = "Unavailable"; VariantName = "[No Variations]"
Add component (AddParameter): Name = "MF"; Value = "TE Connectivity"; VariantName = "[No Variations]"
Add component (AddParameter): Name = "MP"; Value = "1-2295018-2"; VariantName = "[No Variations]"
Add component (AddParameter): Name = "Package"; Value = "None"; VariantName = "[No Variations]"
Add component (AddParameter): Name = "Price"; Value = "None"; VariantName = "[No Variations]"
Add component (AddParameter): Name = "SnapEDA_Link"; Value = "https://www.snapeda.com/parts/1-2295018-2/TE%20Connectivity%20AMP%20Connectors/view-part/2782217/?ref=snap"; VariantName = "[No Variations]"
Add component (AddParameter): Name = "TE_purchase_URL"; Value = "https://www.te.com/usa-en/product-1-2295018-2.html?te_bu=Cor&te_type=disp&te_campaign=seda_glo_cor-seda-global-disp-prtnr-fy19-seda-model-bom-cta_sma-317_1&elqCampaignId=32493"; VariantName = "[No Variations]"
Add component (AddParameter): Name = "Value"; Value = ""; VariantName = "[No Variations]"
Added Component: Designator=LED1(LED-0603-RED)
Add component (AddParameter): Name = "ComponentLink1Description"; Value = "http://www.us.kingbright.com/images/catalog/SPEC/APT1608SURCK.pdf"; VariantName = "[No Variations]"
Add component (AddParameter): Name = "ComponentLink1URL"; Value = "http://www.us.kingbright.com/images/catalog/SPEC/APT1608SURCK.pdf"; VariantName = "[No Variations]"
Add component (AddParameter): Name = "Manufacturer 1"; Value = "Kingbright Company LLC"; VariantName = "[No Variations]"
Add component (AddParameter): Name = "Manufacturer Part Number 1"; Value = "APT1608SURCK"; VariantName = "[No Variations]"
Add component (AddParameter): Name = "Material"; Value = "AlGaInP on GaAs"; VariantName = "[No Variations]"
Add component (AddParameter): Name = "Package / Case"; Value = "0603 (1608 metric)"; VariantName = "[No Variations]"
Add component (AddParameter): Name = "Ratings"; Value = "220 mcd; 630 nm"; VariantName = "[No Variations]"
Add component (AddParameter): Name = "SCDType"; Value = "source"; VariantName = "[No Variations]"
Add component (AddParameter): Name = "Supplier 1"; Value = "Digi-Key"; VariantName = "[No Variations]"
Add component (AddParameter): Name = "Supplier Part Number 1"; Value = "754-1123-1-ND"; VariantName = "[No Variations]"
Add component (AddParameter): Name = "Voltage - Forward (Vf) @ 10mA"; Value = "1.9V"; VariantName = "[No Variations]"
Add component (AddParameter): Name = "Voltage - Forward (Vf) Typ"; Value = "1.95V"; VariantName = "[No Variations]"
Added Component: Designator=P?(HDR1X6)
Add component (AddParameter): Name = "LatestRevisionDate"; Value = "17-Jul-2002"; VariantName = "[No Variations]"
Add component (AddParameter): Name = "LatestRevisionNote"; Value = "Re-released for DXP Platform."; VariantName = "[No Variations]"
Add component (AddParameter): Name = "Publisher"; Value = "Altium Limited"; VariantName = "[No Variations]"
Added Component: Designator=R?(1608[0603])
Add component (AddParameter): Name = "LatestRevisionDate"; Value = "17-Jul-2002"; VariantName = "[No Variations]"
Add component (AddParameter): Name = "LatestRevisionNote"; Value = "Re-released for DXP Platform."; VariantName = "[No Variations]"
Add component (AddParameter): Name = "PackageReference"; Value = "AXIAL-0.3"; VariantName = "[No Variations]"
Add component (AddParameter): Name = "Published"; Value = "8-Jun-2000"; VariantName = "[No Variations]"
Add component (AddParameter): Name = "Publisher"; Value = "Altium Limited"; VariantName = "[No Variations]"
Add component (AddParameter): Name = "Value"; Value = "100k"; VariantName = "[No Variations]"
Added Component: Designator=U?(TI-DBV5_N)
Add component (AddParameter): Name = "Accuracy(%)"; Value = "3"; VariantName = "[No Variations]"
Add component (AddParameter): Name = "Code_JEDEC"; Value = "MO-178"; VariantName = "[No Variations]"
Add component (AddParameter): Name = "ComponentLink1Description"; Value = "Manufacturer URL"; VariantName = "[No Variations]"
Add component (AddParameter): Name = "ComponentLink1URL"; Value = "http://www.ti.com/"; VariantName = "[No Variations]"
Add component (AddParameter): Name = "ComponentLink2Description"; Value = "Datasheet"; VariantName = "[No Variations]"
Add component (AddParameter): Name = "ComponentLink2URL"; Value = "http://www.ti.com/general/docs/lit/getliterature.tsp?genericPartNumber=TPS76318&fileType=pdf"; VariantName = "[No Variations]"
Add component (AddParameter): Name = "ComponentLink3Description"; Value = "Package Specification"; VariantName = "[No Variations]"
Add component (AddParameter): Name = "ComponentLink3URL"; Value = "http://www.ti.com/litv/pdf/mpds018i"; VariantName = "[No Variations]"
Add component (AddParameter): Name = "DatasheetVersion"; Value = "SLVS181H"; VariantName = "[No Variations]"
Add component (AddParameter): Name = "Eco-Plan"; Value = "Green (RoHS & no Sb/Br)"; VariantName = "[No Variations]"
Add component (AddParameter): Name = "Fixed Output Options(V)"; Value = "1.8"; VariantName = "[No Variations]"
Add component (AddParameter): Name = "Iout(Max)(A)"; Value = "0.15"; VariantName = "[No Variations]"
Add component (AddParameter): Name = "Iq(Typ)(mA)"; Value = "0.08"; VariantName = "[No Variations]"
Add component (AddParameter): Name = "Manufacturer"; Value = "Texas Instruments"; VariantName = "[No Variations]"
Add component (AddParameter): Name = "Mounting Technology"; Value = "Surface Mount"; VariantName = "[No Variations]"
Add component (AddParameter): Name = "PackageDescription"; Value = "5-Pin Plastic Small Outline, Body 1.60 × 2.90 mm, Pitch 0.95 mm"; VariantName = "[No Variations]"
Add component (AddParameter): Name = "PackageReference"; Value = "DBV5"; VariantName = "[No Variations]"
Add component (AddParameter): Name = "PackageVersion"; Value = "4073253-4/K"; VariantName = "[No Variations]"
Add component (AddParameter): Name = "PartNumber"; Value = "TPS76318DBVT"; VariantName = "[No Variations]"
Add component (AddParameter): Name = "SubFamily"; Value = "Single Channel LDO"; VariantName = "[No Variations]"
Add component (AddParameter): Name = "Supplier 1"; Value = "Digi-Key"; VariantName = "[No Variations]"
Add component (AddParameter): Name = "Supplier 2"; Value = "Digi-Key"; VariantName = "[No Variations]"
Add component (AddParameter): Name = "Supplier 3"; Value = "Digi-Key"; VariantName = "[No Variations]"
Add component (AddParameter): Name = "Supplier 4"; Value = "Farnell"; VariantName = "[No Variations]"
Add component (AddParameter): Name = "Supplier 5"; Value = "Farnell"; VariantName = "[No Variations]"
Add component (AddParameter): Name = "Supplier 6"; Value = "Newark"; VariantName = "[No Variations]"
Add component (AddParameter): Name = "Supplier 7"; Value = "Mouser"; VariantName = "[No Variations]"
Add component (AddParameter): Name = "Supplier Part Number 1"; Value = "296-2700-2-ND"; VariantName = "[No Variations]"
Add component (AddParameter): Name = "Supplier Part Number 2"; Value = "296-2700-1-ND"; VariantName = "[No Variations]"
Add component (AddParameter): Name = "Supplier Part Number 3"; Value = "296-2700-6-ND"; VariantName = "[No Variations]"
Add component (AddParameter): Name = "Supplier Part Number 4"; Value = "8461341RL"; VariantName = "[No Variations]"
Add component (AddParameter): Name = "Supplier Part Number 5"; Value = "8461341"; VariantName = "[No Variations]"
Add component (AddParameter): Name = "Supplier Part Number 6"; Value = "96C8608"; VariantName = "[No Variations]"
Add component (AddParameter): Name = "Supplier Part Number 7"; Value = "595-TPS76318DBVT"; VariantName = "[No Variations]"
Add component (AddParameter): Name = "Vdo(Typ)(mV)"; Value = "300"; VariantName = "[No Variations]"
Add component (AddParameter): Name = "Vin(Max)(V)"; Value = "10"; VariantName = "[No Variations]"
Add component (AddParameter): Name = "Vin(Min)(V)"; Value = "2.7"; VariantName = "[No Variations]"
Add component (AddParameter): Name = "Vout Adj(Max)(V)"; Value = "1.8"; VariantName = "[No Variations]"
Add component (AddParameter): Name = "Vout Adj(Min)(V)"; Value = "1.8"; VariantName = "[No Variations]"
Added Component: Designator=U?(OLGA8)
Added Component: Designator=U(XCVR_BL652-SA-01)
Add component (AddParameter): Name = "Availability"; Value = "Unavailable"; VariantName = "[No Variations]"
Add component (AddParameter): Name = "MF"; Value = "Laird -"; VariantName = "[No Variations]"
Add component (AddParameter): Name = "MP"; Value = "BL652-SA-01"; VariantName = "[No Variations]"
Add component (AddParameter): Name = "Package"; Value = "SMD-39 Laird"; VariantName = "[No Variations]"
Add component (AddParameter): Name = "Price"; Value = "None"; VariantName = "[No Variations]"
Add component (AddParameter): Name = "SnapEDA_Link"; Value = "https://www.snapeda.com/parts/BL652-SA-01/Laird%20-%20Wireless%20%26%20Thermal%20Systems/view-part/562017/?ref=snap"; VariantName = "[No Variations]"
Add component (AddParameter): Name = "Value"; Value = ""; VariantName = "[No Variations]"
Added Pin To Net: NetName=+5V_JL Pin=P?-2
Added Net: Name=+5V_JL
Added Pin To Net: NetName=3V Pin=P?-6
Added Pin To Net: NetName=3V Pin=R?-2
Added Net: Name=3V
Added Pin To Net: NetName=AS_INT Pin=U-4
Added Pin To Net: NetName=AS_INT Pin=U?-7
Added Net: Name=AS_INT
Added Pin To Net: NetName=GND Pin=P?-1
Added Pin To Net: NetName=GND Pin=U?-3
Added Pin To Net: NetName=GND Pin=U?-5
Added Net: Name=GND
Added Pin To Net: NetName=NetLED1_K Pin=LED1-K
Added Pin To Net: NetName=NetLED1_K Pin=U?-4
Added Net: Name=NetLED1_K
Added Pin To Net: NetName=nRESET Pin=P?-3
Added Pin To Net: NetName=nRESET Pin=U-7
Added Net: Name=nRESET
Added Pin To Net: NetName=SCL Pin=U-36
Added Pin To Net: NetName=SCL Pin=U?-2
Added Net: Name=SCL
Added Pin To Net: NetName=SDA Pin=U-37
Added Pin To Net: NetName=SDA Pin=U?-8
Added Net: Name=SDA
Added Pin To Net: NetName=SWDCLK Pin=P?-4
Added Pin To Net: NetName=SWDCLK Pin=U-6
Added Net: Name=SWDCLK
Added Pin To Net: NetName=SWDIO Pin=P?-5
Added Pin To Net: NetName=SWDIO Pin=R?-1
Added Pin To Net: NetName=SWDIO Pin=U-5
Added Net: Name=SWDIO
Added Pin To Net: NetName=VDD Pin=LED1-A
Added Pin To Net: NetName=VDD Pin=U-26
Added Pin To Net: NetName=VDD Pin=U?-1
Added Net: Name=VDD
Added Class: Name=Light Sensor Prototype
Added Room: Name=Light Sensor Prototype
