Removed Pin From Net: NetName=VBAT_POT Pin=U2-32
Added Pin To Net: NetName=AS_INT Pin=R3-2
Added Pin To Net: NetName=AS_INT Pin=R5-2
Added Pin To Net: NetName=AS_INT Pin=U1-2
Added Pin To Net: NetName=AS_INT Pin=U1-7
Added Pin To Net: NetName=AS_INT Pin=U2-21
Added Pin To Net: NetName=SD_CS Pin=U2-24
Added Pin To Net: NetName=SD_MOSI Pin=U2-25
Added Pin To Net: NetName=SD_CLK Pin=U2-28
Added Pin To Net: NetName=SD_MISO Pin=U2-29
Added Pin To Net: NetName=VBAT_POT Pin=U2-35
Added Pin To Net: NetName=AS_SDA Pin=R4-2
Added Pin To Net: NetName=AS_SDA Pin=U1-8
Added Pin To Net: NetName=AS_SDA Pin=U2-23
Added Net: Name=AS_SDA
Added Pin To Net: NetName=NetU2_2 Pin=U2-2
Added Pin To Net: NetName=NetU2_2 Pin=U3-6
Added Net: Name=NetU2_2
Added Pin To Net: NetName=NetU2_3 Pin=U2-3
Added Pin To Net: NetName=NetU2_3 Pin=U3-7
Added Net: Name=NetU2_3
Added Pin To Net: NetName=NetU2_4 Pin=U2-4
Added Pin To Net: NetName=NetU2_4 Pin=U3-8
Added Net: Name=NetU2_4
Added Pin To Net: NetName=NetU2_31 Pin=U2-31
Added Pin To Net: NetName=NetU2_31 Pin=U3-11
Added Net: Name=NetU2_31
Added Pin To Net: NetName=NetU2_38 Pin=U2-38
Added Pin To Net: NetName=NetU2_38 Pin=U3-4
Added Net: Name=NetU2_38
Added Pin To Net: NetName=TEMP_SCL Pin=U2-33
Added Pin To Net: NetName=TEMP_SCL Pin=U6-2
Added Net: Name=TEMP_SCL
Added Pin To Net: NetName=TEMP_SDA Pin=U2-34
Added Pin To Net: NetName=TEMP_SDA Pin=U6-3
Added Net: Name=TEMP_SDA
